<?xml version="1.0" encoding="UTF-8"?>
<!-- Generated by org.testng.reporters.JUnitReportReporter -->
<testsuite hostname="TusharPC" failures="0" tests="1" name="practical2.WordMeanings" time="0.487" errors="0" timestamp="17 Jun 2023 21:57:53 GMT" skipped="0">
  <testcase classname="practical2.WordMeanings" name="printWordsAndMeanings" time="0.487"/>
</testsuite> <!-- practical2.WordMeanings -->
